# JRE version: Java(TM) SE Runtime Environment (7.0_80-b15) (build 1.7.0_80-b15)
# Java VM: Java HotSpot(TM) 64-Bit Server VM (24.80-b11 mixed mode windows-amd64 compressed oops)
Heap
 PSYoungGen      total 141312K, used 79223K [0x00000000eaa80000, 0x00000000fcf80000, 0x0000000100000000)
  eden space 124416K, 63% used [0x00000000eaa80000,0x00000000ef7ddd48,0x00000000f2400000)
  from space 16896K, 0% used [0x00000000f2400000,0x00000000f2400000,0x00000000f3480000)
  to   space 25600K, 0% used [0x00000000fb680000,0x00000000fb680000,0x00000000fcf80000)
 ParOldGen       total 107008K, used 41920K [0x00000000c0000000, 0x00000000c6880000, 0x00000000eaa80000)
  object space 107008K, 39% used [0x00000000c0000000,0x00000000c28f01d0,0x00000000c6880000)
 PSPermGen       total 21504K, used 6331K [0x00000000bae00000, 0x00000000bc300000, 0x00000000c0000000)
  object space 21504K, 29% used [0x00000000bae00000,0x00000000bb42ed88,0x00000000bc300000)
GC Heap History (10 events):
Event: 8.496 GC heap before
{Heap before GC invocations=5 (full 0):
 PSYoungGen      total 66048K, used 66016K [0x00000000eaa80000, 0x00000000eed80000, 0x0000000100000000)
  eden space 63488K, 100% used [0x00000000eaa80000,0x00000000ee880000,0x00000000ee880000)
  from space 2560K, 98% used [0x00000000eeb00000,0x00000000eed78028,0x00000000eed80000)
  to   space 2560K, 0% used [0x00000000ee880000,0x00000000ee880000,0x00000000eeb00000)
 ParOldGen       total 41984K, used 13932K [0x00000000c0000000, 0x00000000c2900000, 0x00000000eaa80000)
  object space 41984K, 33% used [0x00000000c0000000,0x00000000c0d9b168,0x00000000c2900000)
 PSPermGen       total 21504K, used 6012K [0x00000000bae00000, 0x00000000bc300000, 0x00000000c0000000)
  object space 21504K, 27% used [0x00000000bae00000,0x00000000bb3df230,0x00000000bc300000)
Event: 8.525 GC heap after
Heap after GC invocations=5 (full 0):
 PSYoungGen      total 66048K, used 2528K [0x00000000eaa80000, 0x00000000f4280000, 0x0000000100000000)
  eden space 63488K, 0% used [0x00000000eaa80000,0x00000000eaa80000,0x00000000ee880000)
  from space 2560K, 98% used [0x00000000ee880000,0x00000000eeaf8028,0x00000000eeb00000)
  to   space 14336K, 0% used [0x00000000f3480000,0x00000000f3480000,0x00000000f4280000)
 ParOldGen       total 41984K, used 25176K [0x00000000c0000000, 0x00000000c2900000, 0x00000000eaa80000)
  object space 41984K, 59% used [0x00000000c0000000,0x00000000c1896370,0x00000000c2900000)
 PSPermGen       total 21504K, used 6012K [0x00000000bae00000, 0x00000000bc300000, 0x00000000c0000000)
  object space 21504K, 27% used [0x00000000bae00000,0x00000000bb3df230,0x00000000bc300000)
}
Event: 9.221 GC heap before
{Heap before GC invocations=6 (full 0):
 PSYoungGen      total 66048K, used 66016K [0x00000000eaa80000, 0x00000000f4280000, 0x0000000100000000)
  eden space 63488K, 100% used [0x00000000eaa80000,0x00000000ee880000,0x00000000ee880000)
  from space 2560K, 98% used [0x00000000ee880000,0x00000000eeaf8028,0x00000000eeb00000)
  to   space 14336K, 0% used [0x00000000f3480000,0x00000000f3480000,0x00000000f4280000)
 ParOldGen       total 41984K, used 25176K [0x00000000c0000000, 0x00000000c2900000, 0x00000000eaa80000)
  object space 41984K, 59% used [0x00000000c0000000,0x00000000c1896370,0x00000000c2900000)
 PSPermGen       total 21504K, used 6036K [0x00000000bae00000, 0x00000000bc300000, 0x00000000c0000000)
  object space 21504K, 28% used [0x00000000bae00000,0x00000000bb3e5128,0x00000000bc300000)
Event: 9.259 GC heap after
Heap after GC invocations=6 (full 0):
 PSYoungGen      total 138752K, used 13763K [0x00000000eaa80000, 0x00000000f4780000, 0x0000000100000000)
  eden space 124416K, 0% used [0x00000000eaa80000,0x00000000eaa80000,0x00000000f2400000)
  from space 14336K, 96% used [0x00000000f3480000,0x00000000f41f0cd8,0x00000000f4280000)
  to   space 16896K, 0% used [0x00000000f2400000,0x00000000f2400000,0x00000000f3480000)
 ParOldGen       total 41984K, used 25176K [0x00000000c0000000, 0x00000000c2900000, 0x00000000eaa80000)
  object space 41984K, 59% used [0x00000000c0000000,0x00000000c1896370,0x00000000c2900000)
 PSPermGen       total 21504K, used 6036K [0x00000000bae00000, 0x00000000bc300000, 0x00000000c0000000)
  object space 21504K, 28% used [0x00000000bae00000,0x00000000bb3e5128,0x00000000bc300000)
}
Event: 10.095 GC heap before
{Heap before GC invocations=7 (full 0):
 PSYoungGen      total 138752K, used 138179K [0x00000000eaa80000, 0x00000000f4780000, 0x0000000100000000)
  eden space 124416K, 100% used [0x00000000eaa80000,0x00000000f2400000,0x00000000f2400000)
  from space 14336K, 96% used [0x00000000f3480000,0x00000000f41f0cd8,0x00000000f4280000)
  to   space 16896K, 0% used [0x00000000f2400000,0x00000000f2400000,0x00000000f3480000)
 ParOldGen       total 41984K, used 25176K [0x00000000c0000000, 0x00000000c2900000, 0x00000000eaa80000)
  object space 41984K, 59% used [0x00000000c0000000,0x00000000c1896370,0x00000000c2900000)
 PSPermGen       total 21504K, used 6070K [0x00000000bae00000, 0x00000000bc300000, 0x00000000c0000000)
  object space 21504K, 28% used [0x00000000bae00000,0x00000000bb3eda58,0x00000000bc300000)
Event: 10.323 GC heap after
Heap after GC invocations=7 (full 0):
 PSYoungGen      total 141312K, used 16886K [0x00000000eaa80000, 0x00000000fcf80000, 0x0000000100000000)
  eden space 124416K, 0% used [0x00000000eaa80000,0x00000000eaa80000,0x00000000f2400000)
  from space 16896K, 99% used [0x00000000f2400000,0x00000000f347db20,0x00000000f3480000)
  to   space 25600K, 0% used [0x00000000fb680000,0x00000000fb680000,0x00000000fcf80000)
 ParOldGen       total 41984K, used 35997K [0x00000000c0000000, 0x00000000c2900000, 0x00000000eaa80000)
  object space 41984K, 85% used [0x00000000c0000000,0x00000000c2327558,0x00000000c2900000)
 PSPermGen       total 21504K, used 6070K [0x00000000bae00000, 0x00000000bc300000, 0x00000000c0000000)
  object space 21504K, 28% used [0x00000000bae00000,0x00000000bb3eda58,0x00000000bc300000)
}
Event: 10.324 GC heap before
{Heap before GC invocations=8 (full 1):
 PSYoungGen      total 141312K, used 16886K [0x00000000eaa80000, 0x00000000fcf80000, 0x0000000100000000)
  eden space 124416K, 0% used [0x00000000eaa80000,0x00000000eaa80000,0x00000000f2400000)
  from space 16896K, 99% used [0x00000000f2400000,0x00000000f347db20,0x00000000f3480000)
  to   space 25600K, 0% used [0x00000000fb680000,0x00000000fb680000,0x00000000fcf80000)
 ParOldGen       total 41984K, used 35997K [0x00000000c0000000, 0x00000000c2900000, 0x00000000eaa80000)
  object space 41984K, 85% used [0x00000000c0000000,0x00000000c2327558,0x00000000c2900000)
 PSPermGen       total 21504K, used 6070K [0x00000000bae00000, 0x00000000bc300000, 0x00000000c0000000)
  object space 21504K, 28% used [0x00000000bae00000,0x00000000bb3eda58,0x00000000bc300000)
Event: 14.258 GC heap after
Heap after GC invocations=8 (full 1):
 PSYoungGen      total 141312K, used 7137K [0x00000000eaa80000, 0x00000000fcf80000, 0x0000000100000000)
  eden space 124416K, 0% used [0x00000000eaa80000,0x00000000eaa80000,0x00000000f2400000)
  from space 16896K, 42% used [0x00000000f2400000,0x00000000f2af8710,0x00000000f3480000)
  to   space 25600K, 0% used [0x00000000fb680000,0x00000000fb680000,0x00000000fcf80000)
 ParOldGen       total 41984K, used 41702K [0x00000000c0000000, 0x00000000c2900000, 0x00000000eaa80000)
  object space 41984K, 99% used [0x00000000c0000000,0x00000000c28b9940,0x00000000c2900000)
 PSPermGen       total 21504K, used 6064K [0x00000000bae00000, 0x00000000bc300000, 0x00000000c0000000)
  object space 21504K, 28% used [0x00000000bae00000,0x00000000bb3ec138,0x00000000bc300000)
}
Event: 15.866 GC heap before
{Heap before GC invocations=9 (full 2):
 PSYoungGen      total 141312K, used 131553K [0x00000000eaa80000, 0x00000000fcf80000, 0x0000000100000000)
  eden space 124416K, 100% used [0x00000000eaa80000,0x00000000f2400000,0x00000000f2400000)
  from space 16896K, 42% used [0x00000000f2400000,0x00000000f2af8710,0x00000000f3480000)
  to   space 25600K, 0% used [0x00000000fb680000,0x00000000fb680000,0x00000000fcf80000)
 ParOldGen       total 41984K, used 41702K [0x00000000c0000000, 0x00000000c2900000, 0x00000000eaa80000)
  object space 41984K, 99% used [0x00000000c0000000,0x00000000c28b9940,0x00000000c2900000)
 PSPermGen       total 21504K, used 6105K [0x00000000bae00000, 0x00000000bc300000, 0x00000000c0000000)
  object space 21504K, 28% used [0x00000000bae00000,0x00000000bb3f6478,0x00000000bc300000)
Event: 17.684 GC heap after
Heap after GC invocations=9 (full 2):
 PSYoungGen      total 141312K, used 22247K [0x00000000eaa80000, 0x00000000fcf80000, 0x0000000100000000)
  eden space 124416K, 17% used [0x00000000eaa80000,0x00000000ec039cf8,0x00000000f2400000)
  from space 16896K, 0% used [0x00000000f2400000,0x00000000f2400000,0x00000000f3480000)
  to   space 25600K, 0% used [0x00000000fb680000,0x00000000fb680000,0x00000000fcf80000)
 ParOldGen       total 107008K, used 41920K [0x00000000c0000000, 0x00000000c6880000, 0x00000000eaa80000)
  object space 107008K, 39% used [0x00000000c0000000,0x00000000c28f01d0,0x00000000c6880000)
 PSPermGen       total 21504K, used 6104K [0x00000000bae00000, 0x00000000bc300000, 0x00000000c0000000)
  object space 21504K, 28% used [0x00000000bae00000,0x00000000bb3f63b8,0x00000000bc300000)
}

